<?xml version="1.0" encoding="UTF-8"?><testsuite failures="2" name="cucumber.runtime.formatter.JUnitFormatter" skipped="0" tests="2" time="133.30051">
<testcase classname="Redfin Application" name="UseCase1" time="59.06108">
<failure message="org.openqa.selenium.StaleElementReferenceException: stale element reference: element is not attached to the page document&#10;  (Session info: chrome=80.0.3987.149)&#10;For documentation on this error, please visit: http://seleniumhq.org/exceptions/stale_element_reference.html&#10;Build info: version: '3.5.3', revision: 'a88d25fe6b', time: '2017-08-29T12:42:44.417Z'&#10;System info: host: 'FCLTJLQXDV1', ip: '192.168.56.1', os.name: 'Windows 7', os.arch: 'amd64', os.version: '6.1', java.version: '1.8.0_45'&#10;Driver info: org.openqa.selenium.chrome.ChromeDriver&#10;Capabilities [{networkConnectionEnabled=false, chrome={chromedriverVersion=79.0.3945.36 (3582db32b33893869b8c1339e8f4d9ed1816f143-refs/branch-heads/3945@{#614}), userDataDir=C:\Users\ADMINI~1\AppData\Local\Temp\scoped_dir12900_1104726415}, timeouts={implicit=0, pageLoad=300000, script=30000}, pageLoadStrategy=normal, unhandledPromptBehavior=dismiss and notify, strictFileInteractability=false, platform=XP, proxy=Proxy(), goog:chromeOptions={debuggerAddress=localhost:62011}, acceptInsecureCerts=false, browserVersion=80.0.3987.149, browserName=chrome, javascriptEnabled=true, platformName=XP, setWindowRect=true}]&#10;Session ID: c056966adfac679c6d0b9f2d5e63ad7c&#13;&#10;&#9;at sun.reflect.NativeConstructorAccessorImpl.newInstance0(Native Method)&#13;&#10;&#9;at sun.reflect.NativeConstructorAccessorImpl.newInstance(NativeConstructorAccessorImpl.java:62)&#13;&#10;&#9;at sun.reflect.DelegatingConstructorAccessorImpl.newInstance(DelegatingConstructorAccessorImpl.java:45)&#13;&#10;&#9;at java.lang.reflect.Constructor.newInstance(Constructor.java:422)&#13;&#10;&#9;at org.openqa.selenium.remote.http.W3CHttpResponseCodec.createException(W3CHttpResponseCodec.java:185)&#13;&#10;&#9;at org.openqa.selenium.remote.http.W3CHttpResponseCodec.decode(W3CHttpResponseCodec.java:120)&#13;&#10;&#9;at org.openqa.selenium.remote.http.W3CHttpResponseCodec.decode(W3CHttpResponseCodec.java:49)&#13;&#10;&#9;at org.openqa.selenium.remote.HttpCommandExecutor.execute(HttpCommandExecutor.java:164)&#13;&#10;&#9;at org.openqa.selenium.remote.service.DriverCommandExecutor.execute(DriverCommandExecutor.java:82)&#13;&#10;&#9;at org.openqa.selenium.remote.RemoteWebDriver.execute(RemoteWebDriver.java:646)&#13;&#10;&#9;at org.openqa.selenium.remote.RemoteWebElement.execute(RemoteWebElement.java:275)&#13;&#10;&#9;at org.openqa.selenium.remote.RemoteWebElement.getAttribute(RemoteWebElement.java:127)&#13;&#10;&#9;at com.redfin.pages.RealEstatePage.validatesearchResult(RealEstatePage.java:88)&#13;&#10;&#9;at com.redfin.stepdefinitions.StepDefinition.verify_all_the_homes_listed_are_from_if_no_homes_listed_throw_an_errorMessage(StepDefinition.java:74)&#13;&#10;&#9;at ✽.Then Verify all the homes listed are from &quot;/CA/Sunnyvale/&quot;, if no homes listed throw an errorMessage(scenarios.feature:13)&#13;&#10;"><![CDATA[Given the redfin application is launched for "test1"........................passed
Then verify the home page using "Real Estate, Homes for Sale, MLS Listings, Agents".passed
When enter the "Sunnyvale" in searchbox and press the enter button..........passed
Then validate pop up appears................................................passed
When On the pop up select the entry "https://www.redfin.com/city/19457/CA/Sunnyvale".passed
Then verify the city Real Estate page using "Sunnyvale Real Estate".........passed
Then assert the Search box on the top left side has "Sunnyvale".............passed
When Select the min price as "25" and max price as "3"......................passed
Then Verify all the homes listed are from "/CA/Sunnyvale/", if no homes listed throw an errorMessage.failed

StackTrace:
org.openqa.selenium.StaleElementReferenceException: stale element reference: element is not attached to the page document
  (Session info: chrome=80.0.3987.149)
For documentation on this error, please visit: http://seleniumhq.org/exceptions/stale_element_reference.html
Build info: version: '3.5.3', revision: 'a88d25fe6b', time: '2017-08-29T12:42:44.417Z'
System info: host: 'FCLTJLQXDV1', ip: '192.168.56.1', os.name: 'Windows 7', os.arch: 'amd64', os.version: '6.1', java.version: '1.8.0_45'
Driver info: org.openqa.selenium.chrome.ChromeDriver
Capabilities [{networkConnectionEnabled=false, chrome={chromedriverVersion=79.0.3945.36 (3582db32b33893869b8c1339e8f4d9ed1816f143-refs/branch-heads/3945@{#614}), userDataDir=C:\Users\ADMINI~1\AppData\Local\Temp\scoped_dir12900_1104726415}, timeouts={implicit=0, pageLoad=300000, script=30000}, pageLoadStrategy=normal, unhandledPromptBehavior=dismiss and notify, strictFileInteractability=false, platform=XP, proxy=Proxy(), goog:chromeOptions={debuggerAddress=localhost:62011}, acceptInsecureCerts=false, browserVersion=80.0.3987.149, browserName=chrome, javascriptEnabled=true, platformName=XP, setWindowRect=true}]
Session ID: c056966adfac679c6d0b9f2d5e63ad7c
	at sun.reflect.NativeConstructorAccessorImpl.newInstance0(Native Method)
	at sun.reflect.NativeConstructorAccessorImpl.newInstance(NativeConstructorAccessorImpl.java:62)
	at sun.reflect.DelegatingConstructorAccessorImpl.newInstance(DelegatingConstructorAccessorImpl.java:45)
	at java.lang.reflect.Constructor.newInstance(Constructor.java:422)
	at org.openqa.selenium.remote.http.W3CHttpResponseCodec.createException(W3CHttpResponseCodec.java:185)
	at org.openqa.selenium.remote.http.W3CHttpResponseCodec.decode(W3CHttpResponseCodec.java:120)
	at org.openqa.selenium.remote.http.W3CHttpResponseCodec.decode(W3CHttpResponseCodec.java:49)
	at org.openqa.selenium.remote.HttpCommandExecutor.execute(HttpCommandExecutor.java:164)
	at org.openqa.selenium.remote.service.DriverCommandExecutor.execute(DriverCommandExecutor.java:82)
	at org.openqa.selenium.remote.RemoteWebDriver.execute(RemoteWebDriver.java:646)
	at org.openqa.selenium.remote.RemoteWebElement.execute(RemoteWebElement.java:275)
	at org.openqa.selenium.remote.RemoteWebElement.getAttribute(RemoteWebElement.java:127)
	at com.redfin.pages.RealEstatePage.validatesearchResult(RealEstatePage.java:88)
	at com.redfin.stepdefinitions.StepDefinition.verify_all_the_homes_listed_are_from_if_no_homes_listed_throw_an_errorMessage(StepDefinition.java:74)
	at ✽.Then Verify all the homes listed are from "/CA/Sunnyvale/", if no homes listed throw an errorMessage(scenarios.feature:13)
]]></failure>
</testcase>
<testcase classname="Redfin Application" name="UseCase1_2" time="74.23943">
<failure message="java.lang.AssertionError: no data to test expected [true] but found [false]&#13;&#10;&#9;at org.testng.Assert.fail(Assert.java:94)&#13;&#10;&#9;at org.testng.Assert.failNotEquals(Assert.java:513)&#13;&#10;&#9;at org.testng.Assert.assertTrue(Assert.java:42)&#13;&#10;&#9;at com.redfin.pages.RealEstatePage.validatesearchResult(RealEstatePage.java:84)&#13;&#10;&#9;at com.redfin.stepdefinitions.StepDefinition.verify_all_the_homes_listed_are_from_if_no_homes_listed_throw_an_errorMessage(StepDefinition.java:74)&#13;&#10;&#9;at ✽.Then Verify all the homes listed are from &quot;/TX/Dallas&quot;, if no homes listed throw an errorMessage(scenarios.feature:13)&#13;&#10;"><![CDATA[Given the redfin application is launched for "test2"........................passed
Then verify the home page using "Real Estate, Homes for Sale, MLS Listings, Agents".passed
When enter the "Sunnyvale" in searchbox and press the enter button..........passed
Then validate pop up appears................................................passed
When On the pop up select the entry "https://www.redfin.com/neighborhood/338644/TX/Dallas/Sunnyvale".passed
Then verify the city Real Estate page using "Sunnyvale Real Estate".........passed
Then assert the Search box on the top left side has "Sunnyvale".............passed
When Select the min price as "21" and max price as "4"......................passed
Then Verify all the homes listed are from "/TX/Dallas", if no homes listed throw an errorMessage.failed

StackTrace:
java.lang.AssertionError: no data to test expected [true] but found [false]
	at org.testng.Assert.fail(Assert.java:94)
	at org.testng.Assert.failNotEquals(Assert.java:513)
	at org.testng.Assert.assertTrue(Assert.java:42)
	at com.redfin.pages.RealEstatePage.validatesearchResult(RealEstatePage.java:84)
	at com.redfin.stepdefinitions.StepDefinition.verify_all_the_homes_listed_are_from_if_no_homes_listed_throw_an_errorMessage(StepDefinition.java:74)
	at ✽.Then Verify all the homes listed are from "/TX/Dallas", if no homes listed throw an errorMessage(scenarios.feature:13)
]]></failure>
</testcase>
</testsuite>
